16:04:54 **** Rebuild of configuration Debug for project ejercicio5-1 ****
Info: Internal Builder is used for build
gcc -O0 -g3 -Wall -c -fmessage-length=0 -o "src\\utn.o" "..\\src\\utn.c" 
gcc -O0 -g3 -Wall -c -fmessage-length=0 -o "src\\ejercicio5-1.o" "..\\src\\ejercicio5-1.c" 
gcc -o ejercicio5-1.exe "src\\ejercicio5-1.o" "src\\utn.o" 
Info: Nothing to build for ejercicio1_1
Info: Nothing to build for ejercicio5-1
Info: Nothing to build for ejercicio5-1
16:06:07 **** Incremental Build of configuration Debug for project ejercicio5-1 ****
Info: Internal Builder is used for build
gcc -O0 -g3 -Wall -c -fmessage-length=0 -o "src\\ejercicio5-1.o" "..\\src\\ejercicio5-1.c" 
gcc -o ejercicio5-1.exe "src\\ejercicio5-1.o" "src\\utn.o" 
16:23:21 **** Incremental Build of configuration Debug for project ejercicio5-1 ****
Info: Internal Builder is used for build
gcc -O0 -g3 -Wall -c -fmessage-length=0 -o "src\\ejercicio5-1.o" "..\\src\\ejercicio5-1.c" 
In file included from ..\src\ejercicio5-1.c:13:
..\src\utn.c: In function 'utn_inputNumberFloat':
..\src\utn.c:135:13: warning: implicit declaration of function 'getfloat'; did you mean 'getFloat'? [-Wimplicit-function-declaration]
  135 |         if (getfloat(&bufferInt) == 0)
      |             ^~~~~~~~
      |             getFloat
..\src\ejercicio5-1.c: In function 'main':
..\src\ejercicio5-1.c:21:21: warning: passing argument 1 of 'utn_inputNumberInt' from incompatible pointer type [-Wincompatible-pointer-types]
   21 |  utn_inputNumberInt(&numeroFloat, "ingrese un numero", "Error", 1, 10, 2);
      |                     ^~~~~~~~~~~~
      |                     |
      |                     float *
In file included from ..\src\ejercicio5-1.c:13:
..\src\utn.c:102:29: note: expected 'int *' but argument is of type 'float *'
  102 | int utn_inputNumberInt(int *pResultado, char *mensaje, char *mensajeError, int minimo, int maximo, int reintentos)
      |                        ~~~~~^~~~~~~~~~
..\src\ejercicio5-1.c:24:35: warning: format '%d' expects argument of type 'int', but argument 2 has type 'double' [-Wformat=]
   24 |  printf("El numero ingresado es: %d", numeroFloat);
      |                                  ~^   ~~~~~~~~~~~
      |                                   |   |
      |                                   int double
      |                                  %f
In file included from ..\src\ejercicio5-1.c:13:
At top level:
..\src\utn.c:55:12: warning: 'getFloat' defined but not used [-Wunused-function]
   55 | static int getFloat(float *pResultado)
      |            ^~~~~~~~
gcc -o ejercicio5-1.exe "src\\ejercicio5-1.o" "src\\utn.o" 
C:/TDM-GCC-64/bin/../lib/gcc/x86_64-w64-mingw32/10.3.0/../../../../x86_64-w64-mingw32/bin/ld.exe: src\ejercicio5-1.o: in function `utn_inputNumberFloat':
C:\Users\migue\Ejercicios_C\ejercicio5-1\Debug/../src/utn.c:135: undefined reference to `getfloat'
collect2.exe: error: ld returned 1 exit status
16:23:55 **** Incremental Build of configuration Debug for project ejercicio5-1 ****
Info: Internal Builder is used for build
gcc -O0 -g3 -Wall -c -fmessage-length=0 -o "src\\ejercicio5-1.o" "..\\src\\ejercicio5-1.c" 
In file included from ..\src\ejercicio5-1.c:13:
..\src\utn.c: In function 'utn_inputNumberFloat':
..\src\utn.c:135:13: warning: implicit declaration of function 'getfloat'; did you mean 'getFloat'? [-Wimplicit-function-declaration]
  135 |         if (getfloat(&bufferInt) == 0)
      |             ^~~~~~~~
      |             getFloat
..\src\ejercicio5-1.c: In function 'main':
..\src\ejercicio5-1.c:24:35: warning: format '%d' expects argument of type 'int', but argument 2 has type 'double' [-Wformat=]
   24 |  printf("El numero ingresado es: %d", numeroFloat);
      |                                  ~^   ~~~~~~~~~~~
      |                                   |   |
      |                                   int double
      |                                  %f
In file included from ..\src\ejercicio5-1.c:13:
At top level:
..\src\utn.c:55:12: warning: 'getFloat' defined but not used [-Wunused-function]
   55 | static int getFloat(float *pResultado)
      |            ^~~~~~~~
gcc -O0 -g3 -Wall -c -fmessage-length=0 -o "src\\utn.o" "..\\src\\utn.c" 
..\src\utn.c: In function 'utn_inputNumberFloat':
..\src\utn.c:135:13: warning: implicit declaration of function 'getfloat'; did you mean 'getFloat'? [-Wimplicit-function-declaration]
  135 |         if (getfloat(&bufferInt) == 0)
      |             ^~~~~~~~
      |             getFloat
At top level:
..\src\utn.c:55:12: warning: 'getFloat' defined but not used [-Wunused-function]
   55 | static int getFloat(float *pResultado)
      |            ^~~~~~~~
gcc -o ejercicio5-1.exe "src\\ejercicio5-1.o" "src\\utn.o" 
C:/TDM-GCC-64/bin/../lib/gcc/x86_64-w64-mingw32/10.3.0/../../../../x86_64-w64-mingw32/bin/ld.exe: src\utn.o: in function `utn_inputNumberInt':
C:\Users\migue\Ejercicios_C\ejercicio5-1\Debug/../src/utn.c:103: multiple definition of `utn_inputNumberInt'; src\ejercicio5-1.o:C:\Users\migue\Ejercicios_C\ejercicio5-1\Debug/../src/utn.c:103: first defined here
C:/TDM-GCC-64/bin/../lib/gcc/x86_64-w64-mingw32/10.3.0/../../../../x86_64-w64-mingw32/bin/ld.exe: src\utn.o: in function `utn_inputNumberFloat':
C:\Users\migue\Ejercicios_C\ejercicio5-1\Debug/../src/utn.c:128: multiple definition of `utn_inputNumberFloat'; src\ejercicio5-1.o:C:\Users\migue\Ejercicios_C\ejercicio5-1\Debug/../src/utn.c:128: first defined here
C:/TDM-GCC-64/bin/../lib/gcc/x86_64-w64-mingw32/10.3.0/../../../../x86_64-w64-mingw32/bin/ld.exe: src\ejercicio5-1.o: in function `utn_inputNumberFloat':
C:\Users\migue\Ejercicios_C\ejercicio5-1\Debug/../src/utn.c:135: undefined reference to `getfloat'
C:/TDM-GCC-64/bin/../lib/gcc/x86_64-w64-mingw32/10.3.0/../../../../x86_64-w64-mingw32/bin/ld.exe: src\utn.o: in function `utn_inputNumberFloat':
C:\Users\migue\Ejercicios_C\ejercicio5-1\Debug/../src/utn.c:135: undefined reference to `getfloat'
collect2.exe: error: ld returned 1 exit status
16:24:04 **** Incremental Build of configuration Debug for project ejercicio5-1 ****
Info: Internal Builder is used for build
gcc -o ejercicio5-1.exe "src\\ejercicio5-1.o" "src\\utn.o" 
C:/TDM-GCC-64/bin/../lib/gcc/x86_64-w64-mingw32/10.3.0/../../../../x86_64-w64-mingw32/bin/ld.exe: src\utn.o: in function `utn_inputNumberInt':
C:\Users\migue\Ejercicios_C\ejercicio5-1\Debug/../src/utn.c:103: multiple definition of `utn_inputNumberInt'; src\ejercicio5-1.o:C:\Users\migue\Ejercicios_C\ejercicio5-1\Debug/../src/utn.c:103: first defined here
C:/TDM-GCC-64/bin/../lib/gcc/x86_64-w64-mingw32/10.3.0/../../../../x86_64-w64-mingw32/bin/ld.exe: src\utn.o: in function `utn_inputNumberFloat':
C:\Users\migue\Ejercicios_C\ejercicio5-1\Debug/../src/utn.c:128: multiple definition of `utn_inputNumberFloat'; src\ejercicio5-1.o:C:\Users\migue\Ejercicios_C\ejercicio5-1\Debug/../src/utn.c:128: first defined here
C:/TDM-GCC-64/bin/../lib/gcc/x86_64-w64-mingw32/10.3.0/../../../../x86_64-w64-mingw32/bin/ld.exe: src\ejercicio5-1.o: in function `utn_inputNumberFloat':
C:\Users\migue\Ejercicios_C\ejercicio5-1\Debug/../src/utn.c:135: undefined reference to `getfloat'
C:/TDM-GCC-64/bin/../lib/gcc/x86_64-w64-mingw32/10.3.0/../../../../x86_64-w64-mingw32/bin/ld.exe: src\utn.o: in function `utn_inputNumberFloat':
C:\Users\migue\Ejercicios_C\ejercicio5-1\Debug/../src/utn.c:135: undefined reference to `getfloat'
collect2.exe: error: ld returned 1 exit status
16:25:37 **** Incremental Build of configuration Debug for project ejercicio5-1 ****
Info: Internal Builder is used for build
gcc -O0 -g3 -Wall -c -fmessage-length=0 -o "src\\ejercicio5-1.o" "..\\src\\ejercicio5-1.c" 
In file included from ..\src\ejercicio5-1.c:13:
..\src\utn.c: In function 'utn_inputNumberFloat':
..\src\utn.c:136:13: warning: implicit declaration of function 'getfloat'; did you mean 'getFloat'? [-Wimplicit-function-declaration]
  136 |         if (getfloat(&bufferFloat) == 0)
      |             ^~~~~~~~
      |             getFloat
..\src\utn.c:138:17: error: 'bufferInt' undeclared (first use in this function); did you mean 'bufferFloat'?
  138 |             if (bufferInt >= minimo && bufferInt <= maximo)
      |                 ^~~~~~~~~
      |                 bufferFloat
..\src\utn.c:138:17: note: each undeclared identifier is reported only once for each function it appears in
At top level:
..\src\utn.c:55:12: warning: 'getFloat' defined but not used [-Wunused-function]
   55 | static int getFloat(float *pResultado)
      |            ^~~~~~~~
16:26:06 **** Incremental Build of configuration Debug for project ejercicio5-1 ****
Info: Internal Builder is used for build
gcc -O0 -g3 -Wall -c -fmessage-length=0 -o "src\\utn.o" "..\\src\\utn.c" 
..\src\utn.c: In function 'utn_inputNumberFloat':
..\src\utn.c:136:13: warning: implicit declaration of function 'getfloat'; did you mean 'getFloat'? [-Wimplicit-function-declaration]
  136 |         if (getfloat(&bufferFloat) == 0)
      |             ^~~~~~~~
      |             getFloat
..\src\utn.c:138:17: error: 'bufferInt' undeclared (first use in this function); did you mean 'bufferFloat'?
  138 |             if (bufferInt >= minimo && bufferFloat <= maximo)
      |                 ^~~~~~~~~
      |                 bufferFloat
..\src\utn.c:138:17: note: each undeclared identifier is reported only once for each function it appears in
At top level:
..\src\utn.c:55:12: warning: 'getFloat' defined but not used [-Wunused-function]
   55 | static int getFloat(float *pResultado)
      |            ^~~~~~~~
16:26:27 **** Incremental Build of configuration Debug for project ejercicio5-1 ****
Info: Internal Builder is used for build
gcc -O0 -g3 -Wall -c -fmessage-length=0 -o "src\\ejercicio5-1.o" "..\\src\\ejercicio5-1.c" 
In file included from ..\src\ejercicio5-1.c:13:
..\src\utn.c: In function 'utn_inputNumberFloat':
..\src\utn.c:136:13: warning: implicit declaration of function 'getfloat'; did you mean 'getFloat'? [-Wimplicit-function-declaration]
  136 |         if (getfloat(&bufferFloat) == 0)
      |             ^~~~~~~~
      |             getFloat
At top level:
..\src\utn.c:55:12: warning: 'getFloat' defined but not used [-Wunused-function]
   55 | static int getFloat(float *pResultado)
      |            ^~~~~~~~
gcc -O0 -g3 -Wall -c -fmessage-length=0 -o "src\\utn.o" "..\\src\\utn.c" 
..\src\utn.c: In function 'utn_inputNumberFloat':
..\src\utn.c:136:13: warning: implicit declaration of function 'getfloat'; did you mean 'getFloat'? [-Wimplicit-function-declaration]
  136 |         if (getfloat(&bufferFloat) == 0)
      |             ^~~~~~~~
      |             getFloat
At top level:
..\src\utn.c:55:12: warning: 'getFloat' defined but not used [-Wunused-function]
   55 | static int getFloat(float *pResultado)
      |            ^~~~~~~~
gcc -o ejercicio5-1.exe "src\\ejercicio5-1.o" "src\\utn.o" 
C:/TDM-GCC-64/bin/../lib/gcc/x86_64-w64-mingw32/10.3.0/../../../../x86_64-w64-mingw32/bin/ld.exe: src\utn.o: in function `utn_inputNumberInt':
C:\Users\migue\Ejercicios_C\ejercicio5-1\Debug/../src/utn.c:103: multiple definition of `utn_inputNumberInt'; src\ejercicio5-1.o:C:\Users\migue\Ejercicios_C\ejercicio5-1\Debug/../src/utn.c:103: first defined here
C:/TDM-GCC-64/bin/../lib/gcc/x86_64-w64-mingw32/10.3.0/../../../../x86_64-w64-mingw32/bin/ld.exe: src\utn.o: in function `utn_inputNumberFloat':
C:\Users\migue\Ejercicios_C\ejercicio5-1\Debug/../src/utn.c:129: multiple definition of `utn_inputNumberFloat'; src\ejercicio5-1.o:C:\Users\migue\Ejercicios_C\ejercicio5-1\Debug/../src/utn.c:129: first defined here
C:/TDM-GCC-64/bin/../lib/gcc/x86_64-w64-mingw32/10.3.0/../../../../x86_64-w64-mingw32/bin/ld.exe: src\ejercicio5-1.o: in function `utn_inputNumberFloat':
C:\Users\migue\Ejercicios_C\ejercicio5-1\Debug/../src/utn.c:136: undefined reference to `getfloat'
C:/TDM-GCC-64/bin/../lib/gcc/x86_64-w64-mingw32/10.3.0/../../../../x86_64-w64-mingw32/bin/ld.exe: src\utn.o: in function `utn_inputNumberFloat':
C:\Users\migue\Ejercicios_C\ejercicio5-1\Debug/../src/utn.c:136: undefined reference to `getfloat'
collect2.exe: error: ld returned 1 exit status
16:27:18 **** Incremental Build of configuration Debug for project ejercicio5-1 ****
Info: Internal Builder is used for build
gcc -O0 -g3 -Wall -c -fmessage-length=0 -o "src\\ejercicio5-1.o" "..\\src\\ejercicio5-1.c" 
..\src\ejercicio5-1.c: In function 'main':
..\src\ejercicio5-1.c:21:2: warning: implicit declaration of function 'utn_inputNumberFloat'; did you mean 'utn_inputNumberInt'? [-Wimplicit-function-declaration]
   21 |  utn_inputNumberFloat(&numeroFloat, "ingrese un numero", "Error", 1, 10, 2);
      |  ^~~~~~~~~~~~~~~~~~~~
      |  utn_inputNumberInt
In file included from ..\src\ejercicio5-1.c:13:
At top level:
..\src\utn.c:55:12: warning: 'getFloat' defined but not used [-Wunused-function]
   55 | static int getFloat(float *pResultado)
      |            ^~~~~~~~
gcc -O0 -g3 -Wall -c -fmessage-length=0 -o "src\\utn.o" "..\\src\\utn.c" 
..\src\utn.c:55:12: warning: 'getFloat' defined but not used [-Wunused-function]
   55 | static int getFloat(float *pResultado)
      |            ^~~~~~~~
gcc -o ejercicio5-1.exe "src\\ejercicio5-1.o" "src\\utn.o" 
C:/TDM-GCC-64/bin/../lib/gcc/x86_64-w64-mingw32/10.3.0/../../../../x86_64-w64-mingw32/bin/ld.exe: src\utn.o: in function `utn_inputNumberInt':
C:\Users\migue\Ejercicios_C\ejercicio5-1\Debug/../src/utn.c:103: multiple definition of `utn_inputNumberInt'; src\ejercicio5-1.o:C:\Users\migue\Ejercicios_C\ejercicio5-1\Debug/../src/utn.c:103: first defined here
C:/TDM-GCC-64/bin/../lib/gcc/x86_64-w64-mingw32/10.3.0/../../../../x86_64-w64-mingw32/bin/ld.exe: src\ejercicio5-1.o: in function `main':
C:\Users\migue\Ejercicios_C\ejercicio5-1\Debug/../src/ejercicio5-1.c:21: undefined reference to `utn_inputNumberFloat'
collect2.exe: error: ld returned 1 exit status
16:27:29 **** Incremental Build of configuration Debug for project ejercicio5-1 ****
Info: Internal Builder is used for build
gcc -O0 -g3 -Wall -c -fmessage-length=0 -o "src\\ejercicio5-1.o" "..\\src\\ejercicio5-1.c" 
..\src\ejercicio5-1.c: In function 'main':
..\src\ejercicio5-1.c:18:8: warning: unused variable 'numeroFloat' [-Wunused-variable]
   18 |  float numeroFloat;
      |        ^~~~~~~~~~~
In file included from ..\src\ejercicio5-1.c:13:
At top level:
..\src\utn.c:55:12: warning: 'getFloat' defined but not used [-Wunused-function]
   55 | static int getFloat(float *pResultado)
      |            ^~~~~~~~
gcc -o ejercicio5-1.exe "src\\ejercicio5-1.o" "src\\utn.o" 
C:/TDM-GCC-64/bin/../lib/gcc/x86_64-w64-mingw32/10.3.0/../../../../x86_64-w64-mingw32/bin/ld.exe: src\utn.o: in function `utn_inputNumberInt':
C:\Users\migue\Ejercicios_C\ejercicio5-1\Debug/../src/utn.c:103: multiple definition of `utn_inputNumberInt'; src\ejercicio5-1.o:C:\Users\migue\Ejercicios_C\ejercicio5-1\Debug/../src/utn.c:103: first defined here
collect2.exe: error: ld returned 1 exit status
16:27:37 **** Incremental Build of configuration Debug for project ejercicio5-1 ****
Info: Internal Builder is used for build
gcc -O0 -g3 -Wall -c -fmessage-length=0 -o "src\\ejercicio5-1.o" "..\\src\\ejercicio5-1.c" 
In file included from ..\src\ejercicio5-1.c:13:
..\src\utn.c:55:12: warning: 'getFloat' defined but not used [-Wunused-function]
   55 | static int getFloat(float *pResultado)
      |            ^~~~~~~~
gcc -o ejercicio5-1.exe "src\\ejercicio5-1.o" "src\\utn.o" 
C:/TDM-GCC-64/bin/../lib/gcc/x86_64-w64-mingw32/10.3.0/../../../../x86_64-w64-mingw32/bin/ld.exe: src\utn.o: in function `utn_inputNumberInt':
C:\Users\migue\Ejercicios_C\ejercicio5-1\Debug/../src/utn.c:103: multiple definition of `utn_inputNumberInt'; src\ejercicio5-1.o:C:\Users\migue\Ejercicios_C\ejercicio5-1\Debug/../src/utn.c:103: first defined here
collect2.exe: error: ld returned 1 exit status
16:28:44 **** Incremental Build of configuration Debug for project ejercicio5-1 ****
Info: Internal Builder is used for build
gcc -O0 -g3 -Wall -c -fmessage-length=0 -o "src\\ejercicio5-1.o" "..\\src\\ejercicio5-1.c" 
In file included from ..\src\ejercicio5-1.c:13:
..\src\utn.c:55:12: warning: 'getFloat' defined but not used [-Wunused-function]
   55 | static int getFloat(float *pResultado)
      |            ^~~~~~~~
gcc -O0 -g3 -Wall -c -fmessage-length=0 -o "src\\utn.o" "..\\src\\utn.c" 
..\src\utn.c:55:12: warning: 'getFloat' defined but not used [-Wunused-function]
   55 | static int getFloat(float *pResultado)
      |            ^~~~~~~~
gcc -o ejercicio5-1.exe "src\\ejercicio5-1.o" "src\\utn.o" 
C:/TDM-GCC-64/bin/../lib/gcc/x86_64-w64-mingw32/10.3.0/../../../../x86_64-w64-mingw32/bin/ld.exe: src\utn.o: in function `utn_inputNumberInt':
C:\Users\migue\Ejercicios_C\ejercicio5-1\Debug/../src/utn.c:103: multiple definition of `utn_inputNumberInt'; src\ejercicio5-1.o:C:\Users\migue\Ejercicios_C\ejercicio5-1\Debug/../src/utn.c:103: first defined here
collect2.exe: error: ld returned 1 exit status
10:52:32 **** Incremental Build of configuration Debug for project ejercicio5-1 ****
Info: Internal Builder is used for build
gcc -O0 -g3 -Wall -c -fmessage-length=0 -o "src\\ejercicio5-1.o" "..\\src\\ejercicio5-1.c" 
In file included from ..\src\ejercicio5-1.c:13:
..\src\utn.c: In function 'inputTypeText':
..\src\utn.c:120:10: warning: unused variable 'bufferText' [-Wunused-variable]
  120 |     char bufferText[charsMaximo];
      |          ^~~~~~~~~~
..\src\utn.c:119:9: warning: unused variable 'retorno' [-Wunused-variable]
  119 |     int retorno = -1;
      |         ^~~~~~~
..\src\ejercicio5-1.c: In function 'main':
..\src\ejercicio5-1.c:18:8: warning: unused variable 'numeroFloat' [-Wunused-variable]
   18 |  float numeroFloat;
      |        ^~~~~~~~~~~
..\src\ejercicio5-1.c:17:6: warning: unused variable 'numeroInt' [-Wunused-variable]
   17 |  int numeroInt;
      |      ^~~~~~~~~
In file included from ..\src\ejercicio5-1.c:13:
..\src\utn.c: In function 'inputTypeText':
..\src\utn.c:125:1: warning: control reaches end of non-void function [-Wreturn-type]
  125 | }
      | ^
gcc -O0 -g3 -Wall -c -fmessage-length=0 -o "src\\utn.o" "..\\src\\utn.c" 
..\src\utn.c: In function 'inputTypeText':
..\src\utn.c:120:10: warning: unused variable 'bufferText' [-Wunused-variable]
  120 |     char bufferText[charsMaximo];
      |          ^~~~~~~~~~
..\src\utn.c:119:9: warning: unused variable 'retorno' [-Wunused-variable]
  119 |     int retorno = -1;
      |         ^~~~~~~
..\src\utn.c:125:1: warning: control reaches end of non-void function [-Wreturn-type]
  125 | }
      | ^
gcc -o ejercicio5-1.exe "src\\ejercicio5-1.o" "src\\utn.o" 
C:/TDM-GCC-64/bin/../lib/gcc/x86_64-w64-mingw32/10.3.0/../../../../x86_64-w64-mingw32/bin/ld.exe: src\utn.o: in function `utn_inputTypeInt':
C:\Users\migue\Ejercicios_C\ejercicio5-1\Debug/../src/utn.c:23: multiple definition of `utn_inputTypeInt'; src\ejercicio5-1.o:C:\Users\migue\Ejercicios_C\ejercicio5-1\Debug/../src/utn.c:23: first defined here
C:/TDM-GCC-64/bin/../lib/gcc/x86_64-w64-mingw32/10.3.0/../../../../x86_64-w64-mingw32/bin/ld.exe: src\utn.o: in function `utn_inputTypeFloat':
C:\Users\migue\Ejercicios_C\ejercicio5-1\Debug/../src/utn.c:55: multiple definition of `utn_inputTypeFloat'; src\ejercicio5-1.o:C:\Users\migue\Ejercicios_C\ejercicio5-1\Debug/../src/utn.c:55: first defined here
C:/TDM-GCC-64/bin/../lib/gcc/x86_64-w64-mingw32/10.3.0/../../../../x86_64-w64-mingw32/bin/ld.exe: src\utn.o: in function `utn_inputTypeDni':
C:\Users\migue\Ejercicios_C\ejercicio5-1\Debug/../src/utn.c:92: multiple definition of `utn_inputTypeDni'; src\ejercicio5-1.o:C:\Users\migue\Ejercicios_C\ejercicio5-1\Debug/../src/utn.c:92: first defined here
C:/TDM-GCC-64/bin/../lib/gcc/x86_64-w64-mingw32/10.3.0/../../../../x86_64-w64-mingw32/bin/ld.exe: src\utn.o: in function `inputTypeText':
C:\Users\migue\Ejercicios_C\ejercicio5-1\Debug/../src/utn.c:118: multiple definition of `inputTypeText'; src\ejercicio5-1.o:C:\Users\migue\Ejercicios_C\ejercicio5-1\Debug/../src/utn.c:118: first defined here
collect2.exe: error: ld returned 1 exit status
11:03:30 **** Incremental Build of configuration Debug for project ejercicio5-1 ****
Info: Internal Builder is used for build
gcc -O0 -g3 -Wall -c -fmessage-length=0 -o "src\\ejercicio5-1.o" "..\\src\\ejercicio5-1.c" 
In file included from ..\src\ejercicio5-1.c:13:
..\src\utn.c: In function 'inputTypeText':
..\src\utn.c:120:10: warning: unused variable 'bufferText' [-Wunused-variable]
  120 |     char bufferText[charsMaximo];
      |          ^~~~~~~~~~
..\src\utn.c:119:9: warning: unused variable 'retorno' [-Wunused-variable]
  119 |     int retorno = -1;
      |         ^~~~~~~
..\src\ejercicio5-1.c: In function 'main':
..\src\ejercicio5-1.c:18:8: warning: unused variable 'numeroFloat' [-Wunused-variable]
   18 |  float numeroFloat;
      |        ^~~~~~~~~~~
..\src\ejercicio5-1.c:17:6: warning: unused variable 'numeroInt' [-Wunused-variable]
   17 |  int numeroInt;
      |      ^~~~~~~~~
In file included from ..\src\ejercicio5-1.c:13:
..\src\utn.c: In function 'inputTypeText':
..\src\utn.c:125:1: warning: control reaches end of non-void function [-Wreturn-type]
  125 | }
      | ^
gcc -o ejercicio5-1.exe "src\\ejercicio5-1.o" "src\\utn.o" 
C:/TDM-GCC-64/bin/../lib/gcc/x86_64-w64-mingw32/10.3.0/../../../../x86_64-w64-mingw32/bin/ld.exe: src\utn.o: in function `utn_inputTypeInt':
C:\Users\migue\Ejercicios_C\ejercicio5-1\Debug/../src/utn.c:23: multiple definition of `utn_inputTypeInt'; src\ejercicio5-1.o:C:\Users\migue\Ejercicios_C\ejercicio5-1\Debug/../src/utn.c:23: first defined here
C:/TDM-GCC-64/bin/../lib/gcc/x86_64-w64-mingw32/10.3.0/../../../../x86_64-w64-mingw32/bin/ld.exe: src\utn.o: in function `utn_inputTypeFloat':
C:\Users\migue\Ejercicios_C\ejercicio5-1\Debug/../src/utn.c:55: multiple definition of `utn_inputTypeFloat'; src\ejercicio5-1.o:C:\Users\migue\Ejercicios_C\ejercicio5-1\Debug/../src/utn.c:55: first defined here
C:/TDM-GCC-64/bin/../lib/gcc/x86_64-w64-mingw32/10.3.0/../../../../x86_64-w64-mingw32/bin/ld.exe: src\utn.o: in function `utn_inputTypeDni':
C:\Users\migue\Ejercicios_C\ejercicio5-1\Debug/../src/utn.c:92: multiple definition of `utn_inputTypeDni'; src\ejercicio5-1.o:C:\Users\migue\Ejercicios_C\ejercicio5-1\Debug/../src/utn.c:92: first defined here
C:/TDM-GCC-64/bin/../lib/gcc/x86_64-w64-mingw32/10.3.0/../../../../x86_64-w64-mingw32/bin/ld.exe: src\utn.o: in function `inputTypeText':
C:\Users\migue\Ejercicios_C\ejercicio5-1\Debug/../src/utn.c:118: multiple definition of `inputTypeText'; src\ejercicio5-1.o:C:\Users\migue\Ejercicios_C\ejercicio5-1\Debug/../src/utn.c:118: first defined here
collect2.exe: error: ld returned 1 exit status
11:04:07 **** Incremental Build of configuration Debug for project ejercicio5-1 ****
Info: Internal Builder is used for build
gcc -O0 -g3 -Wall -c -fmessage-length=0 -o "src\\ejercicio5-1.o" "..\\src\\ejercicio5-1.c" 
..\src\ejercicio5-1.c: In function 'main':
..\src\ejercicio5-1.c:18:8: warning: unused variable 'numeroFloat' [-Wunused-variable]
   18 |  float numeroFloat;
      |        ^~~~~~~~~~~
..\src\ejercicio5-1.c:17:6: warning: unused variable 'numeroInt' [-Wunused-variable]
   17 |  int numeroInt;
      |      ^~~~~~~~~
gcc -o ejercicio5-1.exe "src\\ejercicio5-1.o" "src\\utn.o" 
Info: Nothing to build for ejercicio5-1
Info: Nothing to build for ejercicio5-1
11:18:31 **** Incremental Build of configuration Debug for project ejercicio5-1 ****
Info: Internal Builder is used for build
gcc -O0 -g3 -Wall -c -fmessage-length=0 -o "src\\ejercicio5-1.o" "..\\src\\ejercicio5-1.c" 
..\src\ejercicio5-1.c: In function 'main':
..\src\ejercicio5-1.c:22:2: warning: implicit declaration of function 'utn_inputTypeText'; did you mean 'utn_inputTypeInt'? [-Wimplicit-function-declaration]
   22 |  utn_inputTypeText(text, "Descripcion", "Error", 1, 20, 2);
      |  ^~~~~~~~~~~~~~~~~
      |  utn_inputTypeInt
..\src\ejercicio5-1.c:20:6: warning: unused variable 'respuesta' [-Wunused-variable]
   20 |  int respuesta;
      |      ^~~~~~~~~
..\src\ejercicio5-1.c:18:8: warning: unused variable 'numeroFloat' [-Wunused-variable]
   18 |  float numeroFloat;
      |        ^~~~~~~~~~~
..\src\ejercicio5-1.c:17:6: warning: unused variable 'numeroInt' [-Wunused-variable]
   17 |  int numeroInt;
      |      ^~~~~~~~~
gcc -o ejercicio5-1.exe "src\\ejercicio5-1.o" "src\\utn.o" 
C:/TDM-GCC-64/bin/../lib/gcc/x86_64-w64-mingw32/10.3.0/../../../../x86_64-w64-mingw32/bin/ld.exe: src\ejercicio5-1.o: in function `main':
C:\Users\migue\Ejercicios_C\ejercicio5-1\Debug/../src/ejercicio5-1.c:22: undefined reference to `utn_inputTypeText'
collect2.exe: error: ld returned 1 exit status
11:19:18 **** Incremental Build of configuration Debug for project ejercicio5-1 ****
Info: Internal Builder is used for build
gcc -O0 -g3 -Wall -c -fmessage-length=0 -o "src\\ejercicio5-1.o" "..\\src\\ejercicio5-1.c" 
..\src\ejercicio5-1.c: In function 'main':
..\src\ejercicio5-1.c:22:2: warning: implicit declaration of function 'utn_inputTypeText'; did you mean 'utn_inputTypeInt'? [-Wimplicit-function-declaration]
   22 |  utn_inputTypeText(text, "Descripcion", "Error", 1, 20, 2);
      |  ^~~~~~~~~~~~~~~~~
      |  utn_inputTypeInt
..\src\ejercicio5-1.c:20:6: warning: unused variable 'respuesta' [-Wunused-variable]
   20 |  int respuesta;
      |      ^~~~~~~~~
..\src\ejercicio5-1.c:18:8: warning: unused variable 'numeroFloat' [-Wunused-variable]
   18 |  float numeroFloat;
      |        ^~~~~~~~~~~
..\src\ejercicio5-1.c:17:6: warning: unused variable 'numeroInt' [-Wunused-variable]
   17 |  int numeroInt;
      |      ^~~~~~~~~
gcc -O0 -g3 -Wall -c -fmessage-length=0 -o "src\\utn.o" "..\\src\\utn.c" 
gcc -o ejercicio5-1.exe "src\\ejercicio5-1.o" "src\\utn.o" 
C:/TDM-GCC-64/bin/../lib/gcc/x86_64-w64-mingw32/10.3.0/../../../../x86_64-w64-mingw32/bin/ld.exe: src\ejercicio5-1.o: in function `main':
C:\Users\migue\Ejercicios_C\ejercicio5-1\Debug/../src/ejercicio5-1.c:22: undefined reference to `utn_inputTypeText'
collect2.exe: error: ld returned 1 exit status
11:19:50 **** Incremental Build of configuration Debug for project ejercicio5-1 ****
Info: Internal Builder is used for build
gcc -O0 -g3 -Wall -c -fmessage-length=0 -o "src\\ejercicio5-1.o" "..\\src\\ejercicio5-1.c" 
..\src\ejercicio5-1.c: In function 'main':
..\src\ejercicio5-1.c:20:6: warning: unused variable 'respuesta' [-Wunused-variable]
   20 |  int respuesta;
      |      ^~~~~~~~~
..\src\ejercicio5-1.c:19:7: warning: unused variable 'text' [-Wunused-variable]
   19 |  char text[20];
      |       ^~~~
..\src\ejercicio5-1.c:18:8: warning: unused variable 'numeroFloat' [-Wunused-variable]
   18 |  float numeroFloat;
      |        ^~~~~~~~~~~
..\src\ejercicio5-1.c:17:6: warning: unused variable 'numeroInt' [-Wunused-variable]
   17 |  int numeroInt;
      |      ^~~~~~~~~
gcc -o ejercicio5-1.exe "src\\ejercicio5-1.o" "src\\utn.o" 
11:20:00 **** Incremental Build of configuration Debug for project ejercicio5-1 ****
Info: Internal Builder is used for build
gcc -O0 -g3 -Wall -c -fmessage-length=0 -o "src\\ejercicio5-1.o" "..\\src\\ejercicio5-1.c" 
gcc -o ejercicio5-1.exe "src\\ejercicio5-1.o" "src\\utn.o" 
11:21:57 **** Incremental Build of configuration Debug for project ejercicio5-1 ****
Info: Internal Builder is used for build
gcc -O0 -g3 -Wall -c -fmessage-length=0 -o "src\\ejercicio5-1.o" "..\\src\\ejercicio5-1.c" 
gcc -o ejercicio5-1.exe "src\\ejercicio5-1.o" "src\\utn.o" 
19:58:49 **** Incremental Build of configuration Debug for project ejercicio5-1 ****
Info: Internal Builder is used for build
gcc -O0 -g3 -Wall -c -fmessage-length=0 -o "src\\ejercicio5-1.o" "..\\src\\ejercicio5-1.c" 
gcc -O0 -g3 -Wall -c -fmessage-length=0 -o "src\\utn.o" "..\\src\\utn.c" 
gcc -o ejercicio5-1.exe "src\\ejercicio5-1.o" "src\\utn.o" 
C:/TDM-GCC-64/bin/../lib/gcc/x86_64-w64-mingw32/10.3.0/../../../../x86_64-w64-mingw32/bin/ld.exe: src\utn.o: in function `utn_inputTypeInt':
C:\Users\migue\Ejercicios_C\ejercicio5-1\Debug/../src/utn.c:24: multiple definition of `utn_inputTypeInt'; src\ejercicio5-1.o:C:\Users\migue\Ejercicios_C\ejercicio5-1\Debug/../src/utn.c:24: first defined here
C:/TDM-GCC-64/bin/../lib/gcc/x86_64-w64-mingw32/10.3.0/../../../../x86_64-w64-mingw32/bin/ld.exe: src\utn.o: in function `utn_inputTypeFloat':
C:\Users\migue\Ejercicios_C\ejercicio5-1\Debug/../src/utn.c:56: multiple definition of `utn_inputTypeFloat'; src\ejercicio5-1.o:C:\Users\migue\Ejercicios_C\ejercicio5-1\Debug/../src/utn.c:56: first defined here
C:/TDM-GCC-64/bin/../lib/gcc/x86_64-w64-mingw32/10.3.0/../../../../x86_64-w64-mingw32/bin/ld.exe: src\utn.o: in function `utn_inputTypeDni':
C:\Users\migue\Ejercicios_C\ejercicio5-1\Debug/../src/utn.c:93: multiple definition of `utn_inputTypeDni'; src\ejercicio5-1.o:C:\Users\migue\Ejercicios_C\ejercicio5-1\Debug/../src/utn.c:93: first defined here
C:/TDM-GCC-64/bin/../lib/gcc/x86_64-w64-mingw32/10.3.0/../../../../x86_64-w64-mingw32/bin/ld.exe: src\utn.o: in function `utn_inputTypeText':
C:\Users\migue\Ejercicios_C\ejercicio5-1\Debug/../src/utn.c:129: multiple definition of `utn_inputTypeText'; src\ejercicio5-1.o:C:\Users\migue\Ejercicios_C\ejercicio5-1\Debug/../src/utn.c:129: first defined here
collect2.exe: error: ld returned 1 exit status
19:58:58 **** Incremental Build of configuration Debug for project ejercicio5-1 ****
Info: Internal Builder is used for build
gcc -o ejercicio5-1.exe "src\\ejercicio5-1.o" "src\\utn.o" 
C:/TDM-GCC-64/bin/../lib/gcc/x86_64-w64-mingw32/10.3.0/../../../../x86_64-w64-mingw32/bin/ld.exe: src\utn.o: in function `utn_inputTypeInt':
C:\Users\migue\Ejercicios_C\ejercicio5-1\Debug/../src/utn.c:24: multiple definition of `utn_inputTypeInt'; src\ejercicio5-1.o:C:\Users\migue\Ejercicios_C\ejercicio5-1\Debug/../src/utn.c:24: first defined here
C:/TDM-GCC-64/bin/../lib/gcc/x86_64-w64-mingw32/10.3.0/../../../../x86_64-w64-mingw32/bin/ld.exe: src\utn.o: in function `utn_inputTypeFloat':
C:\Users\migue\Ejercicios_C\ejercicio5-1\Debug/../src/utn.c:56: multiple definition of `utn_inputTypeFloat'; src\ejercicio5-1.o:C:\Users\migue\Ejercicios_C\ejercicio5-1\Debug/../src/utn.c:56: first defined here
C:/TDM-GCC-64/bin/../lib/gcc/x86_64-w64-mingw32/10.3.0/../../../../x86_64-w64-mingw32/bin/ld.exe: src\utn.o: in function `utn_inputTypeDni':
C:\Users\migue\Ejercicios_C\ejercicio5-1\Debug/../src/utn.c:93: multiple definition of `utn_inputTypeDni'; src\ejercicio5-1.o:C:\Users\migue\Ejercicios_C\ejercicio5-1\Debug/../src/utn.c:93: first defined here
C:/TDM-GCC-64/bin/../lib/gcc/x86_64-w64-mingw32/10.3.0/../../../../x86_64-w64-mingw32/bin/ld.exe: src\utn.o: in function `utn_inputTypeText':
C:\Users\migue\Ejercicios_C\ejercicio5-1\Debug/../src/utn.c:129: multiple definition of `utn_inputTypeText'; src\ejercicio5-1.o:C:\Users\migue\Ejercicios_C\ejercicio5-1\Debug/../src/utn.c:129: first defined here
collect2.exe: error: ld returned 1 exit status
19:59:03 **** Incremental Build of configuration Debug for project ejercicio5-1 ****
Info: Internal Builder is used for build
gcc -O0 -g3 -Wall -c -fmessage-length=0 -o "src\\ejercicio5-1.o" "..\\src\\ejercicio5-1.c" 
gcc -o ejercicio5-1.exe "src\\ejercicio5-1.o" "src\\utn.o" 
Info: Nothing to build for ejercicio5-1
